[debug] ----------------------------------------------------------------------
[debug] Command:      /usr/local/bin/node /usr/local/bin/firebase deploy
[debug] Platform:     darwin
[debug] Node Version: v4.2.4
[debug] Time:         Wed Jan 20 2016 01:51:51 GMT-0500 (EST)
[debug] ----------------------------------------------------------------------
[debug] 
[debug] >>> HTTP REQUEST GET https://admin.firebase.com/firebase/seathack/token?token=XXX 
[debug] <<< HTTP RESPONSE 200
[debug] >>> HTTP REQUEST GET https://admin.firebase.com/firebase/seathack/token?token=XXX 
[debug] <<< HTTP RESPONSE 200
[info] 
[info] === Deploying to 'seathack'...
[info] 
[info] i  deploying hosting
[info] i  preparing SeatHack directory for upload...
[debug] >>> HTTP REQUEST PUT https://deploy.firebase.com/firebase/seathack/uploads/-K8SnRKEnheCon7I47qP?token=XXX&fileCount=626&message= 
[debug] <<< HTTP RESPONSE 200
[info] ✔  626 files uploaded successfully
[debug] >>> HTTP REQUEST POST https://deploy.firebase.com/firebase/seathack/releases?token=XXX
